<?xml version="1.0" encoding="UTF-8"?>
<!-- Generated by org.testng.reporters.JUnitReportReporter -->
<testsuite hostname="LAPTOP-TG90UIQI" failures="0" tests="2" name="com.Test.verifyLoginTest" time="7.612" errors="0" timestamp="2022-06-28T15:51:17 IST" skipped="0">
  <testcase classname="com.Test.verifyLoginTest" name="verify_tc_01_loginWithValidCredentials" time="4.082"/>
  <system-out/>
  <testcase classname="com.Test.verifyLoginTest" name="verify_tc_01_loginWithValidCredentials" time="3.530"/>
  <system-out/>
</testsuite> <!-- com.Test.verifyLoginTest -->
